0 info it worked if it ends with ok
1 verbose cli [ 'C:\\Program Files\\nodejs\\node.exe',
1 verbose cli   'C:\\Users\\The Gun\\AppData\\Roaming\\npm\\node_modules\\npm\\bin\\npm-cli.js',
1 verbose cli   'install',
1 verbose cli   'bcrypt' ]
2 info using npm@3.9.5
3 info using node@v4.4.5
4 silly loadCurrentTree Starting
5 silly install loadCurrentTree
6 silly install readLocalPackageData
7 silly fetchPackageMetaData bcrypt
8 silly fetchNamedPackageData bcrypt
9 silly mapToRegistry name bcrypt
10 silly mapToRegistry using default registry
11 silly mapToRegistry registry https://registry.npmjs.org/
12 silly mapToRegistry data Result {
12 silly mapToRegistry   raw: 'bcrypt',
12 silly mapToRegistry   scope: null,
12 silly mapToRegistry   name: 'bcrypt',
12 silly mapToRegistry   rawSpec: '',
12 silly mapToRegistry   spec: 'latest',
12 silly mapToRegistry   type: 'tag' }
13 silly mapToRegistry uri https://registry.npmjs.org/bcrypt
14 verbose request uri https://registry.npmjs.org/bcrypt
15 verbose request no auth needed
16 info attempt registry request try #1 at 10:47:59 PM
17 verbose request id fd817f474ff474f6
18 http request GET https://registry.npmjs.org/bcrypt
19 http 200 https://registry.npmjs.org/bcrypt
20 verbose headers { server: 'CouchDB/1.5.0 (Erlang OTP/R16B03)',
20 verbose headers   etag: '"7RZPOANAEOCJKR9JQU6SAU1FT"',
20 verbose headers   'content-type': 'application/json',
20 verbose headers   'content-encoding': 'gzip',
20 verbose headers   'cache-control': 'max-age=300',
20 verbose headers   'content-length': '11714',
20 verbose headers   'accept-ranges': 'bytes',
20 verbose headers   date: 'Thu, 16 Jun 2016 02:48:04 GMT',
20 verbose headers   via: '1.1 varnish',
20 verbose headers   age: '159',
20 verbose headers   connection: 'keep-alive',
20 verbose headers   'x-served-by': 'cache-dfw1841-DFW',
20 verbose headers   'x-cache': 'HIT',
20 verbose headers   'x-cache-hits': '1',
20 verbose headers   'x-timer': 'S1466045284.438847,VS0,VE0',
20 verbose headers   vary: 'Accept-Encoding' }
21 silly get cb [ 200,
21 silly get   { server: 'CouchDB/1.5.0 (Erlang OTP/R16B03)',
21 silly get     etag: '"7RZPOANAEOCJKR9JQU6SAU1FT"',
21 silly get     'content-type': 'application/json',
21 silly get     'content-encoding': 'gzip',
21 silly get     'cache-control': 'max-age=300',
21 silly get     'content-length': '11714',
21 silly get     'accept-ranges': 'bytes',
21 silly get     date: 'Thu, 16 Jun 2016 02:48:04 GMT',
21 silly get     via: '1.1 varnish',
21 silly get     age: '159',
21 silly get     connection: 'keep-alive',
21 silly get     'x-served-by': 'cache-dfw1841-DFW',
21 silly get     'x-cache': 'HIT',
21 silly get     'x-cache-hits': '1',
21 silly get     'x-timer': 'S1466045284.438847,VS0,VE0',
21 silly get     vary: 'Accept-Encoding' } ]
22 verbose get saving bcrypt to C:\Users\The Gun\AppData\Roaming\npm-cache\registry.npmjs.org\bcrypt\.cache.json
23 verbose correctMkdir C:\Users\The Gun\AppData\Roaming\npm-cache correctMkdir not in flight; initializing
24 silly install normalizeTree
25 silly loadCurrentTree Finishing
26 silly loadIdealTree Starting
27 silly install loadIdealTree
28 silly cloneCurrentTree Starting
29 silly install cloneCurrentTreeToIdealTree
30 silly cloneCurrentTree Finishing
31 silly loadShrinkwrap Starting
32 silly install loadShrinkwrap
33 silly loadShrinkwrap Finishing
34 silly loadAllDepsIntoIdealTree Starting
35 silly install loadAllDepsIntoIdealTree
36 silly resolveWithNewModule bcrypt@0.8.7 checking installable status
37 silly cache add args [ 'bcrypt', null ]
38 verbose cache add spec bcrypt
39 silly cache add parsed spec Result {
39 silly cache add   raw: 'bcrypt',
39 silly cache add   scope: null,
39 silly cache add   name: 'bcrypt',
39 silly cache add   rawSpec: '',
39 silly cache add   spec: 'latest',
39 silly cache add   type: 'tag' }
40 silly addNamed bcrypt@latest
41 verbose addNamed "latest" is being treated as a dist-tag for bcrypt
42 info addNameTag [ 'bcrypt', 'latest' ]
43 silly mapToRegistry name bcrypt
44 silly mapToRegistry using default registry
45 silly mapToRegistry registry https://registry.npmjs.org/
46 silly mapToRegistry data Result {
46 silly mapToRegistry   raw: 'bcrypt',
46 silly mapToRegistry   scope: null,
46 silly mapToRegistry   name: 'bcrypt',
46 silly mapToRegistry   rawSpec: '',
46 silly mapToRegistry   spec: 'latest',
46 silly mapToRegistry   type: 'tag' }
47 silly mapToRegistry uri https://registry.npmjs.org/bcrypt
48 verbose addNameTag registry:https://registry.npmjs.org/bcrypt not in flight; fetching
49 verbose get https://registry.npmjs.org/bcrypt not expired, no request
50 silly addNameTag next cb for bcrypt with tag latest
51 silly addNamed bcrypt@0.8.7
52 verbose addNamed "0.8.7" is a plain semver version for bcrypt
53 silly mapToRegistry name bcrypt
54 silly mapToRegistry using default registry
55 silly mapToRegistry registry https://registry.npmjs.org/
56 silly mapToRegistry data Result {
56 silly mapToRegistry   raw: 'bcrypt',
56 silly mapToRegistry   scope: null,
56 silly mapToRegistry   name: 'bcrypt',
56 silly mapToRegistry   rawSpec: '',
56 silly mapToRegistry   spec: 'latest',
56 silly mapToRegistry   type: 'tag' }
57 silly mapToRegistry uri https://registry.npmjs.org/bcrypt
58 verbose addRemoteTarball https://registry.npmjs.org/bcrypt/-/bcrypt-0.8.7.tgz not in flight; adding
59 verbose addRemoteTarball [ 'https://registry.npmjs.org/bcrypt/-/bcrypt-0.8.7.tgz',
59 verbose addRemoteTarball   'bc3875a9afd0a7b2cd231a6a7f218a5ce156b093' ]
60 info retry fetch attempt 1 at 10:48:04 PM
61 info attempt registry request try #1 at 10:48:04 PM
62 http fetch GET https://registry.npmjs.org/bcrypt/-/bcrypt-0.8.7.tgz
63 http fetch 200 https://registry.npmjs.org/bcrypt/-/bcrypt-0.8.7.tgz
64 silly fetchAndShaCheck shasum bc3875a9afd0a7b2cd231a6a7f218a5ce156b093
65 verbose addTmpTarball C:\Users\THEGUN~1\AppData\Local\Temp\npm-6724-866c9059\registry.npmjs.org\bcrypt\-\bcrypt-0.8.7.tgz not in flight; adding
66 verbose addTmpTarball already have metadata; skipping unpack for bcrypt@0.8.7
67 verbose correctMkdir C:\Users\The Gun\AppData\Roaming\npm-cache correctMkdir not in flight; initializing
68 silly cache afterAdd bcrypt@0.8.7
69 verbose afterAdd C:\Users\The Gun\AppData\Roaming\npm-cache\bcrypt\0.8.7\package\package.json not in flight; writing
70 verbose correctMkdir C:\Users\The Gun\AppData\Roaming\npm-cache correctMkdir not in flight; initializing
71 verbose afterAdd C:\Users\The Gun\AppData\Roaming\npm-cache\bcrypt\0.8.7\package\package.json written
72 silly fetchNamedPackageData bindings
73 silly mapToRegistry name bindings
74 silly mapToRegistry using default registry
75 silly mapToRegistry registry https://registry.npmjs.org/
76 silly mapToRegistry data Result {
76 silly mapToRegistry   raw: 'bindings',
76 silly mapToRegistry   scope: null,
76 silly mapToRegistry   name: 'bindings',
76 silly mapToRegistry   rawSpec: '',
76 silly mapToRegistry   spec: 'latest',
76 silly mapToRegistry   type: 'tag' }
77 silly mapToRegistry uri https://registry.npmjs.org/bindings
78 silly fetchNamedPackageData nan
79 silly mapToRegistry name nan
80 silly mapToRegistry using default registry
81 silly mapToRegistry registry https://registry.npmjs.org/
82 silly mapToRegistry data Result {
82 silly mapToRegistry   raw: 'nan',
82 silly mapToRegistry   scope: null,
82 silly mapToRegistry   name: 'nan',
82 silly mapToRegistry   rawSpec: '',
82 silly mapToRegistry   spec: 'latest',
82 silly mapToRegistry   type: 'tag' }
83 silly mapToRegistry uri https://registry.npmjs.org/nan
84 verbose request uri https://registry.npmjs.org/bindings
85 verbose request no auth needed
86 info attempt registry request try #1 at 10:48:06 PM
87 http request GET https://registry.npmjs.org/bindings
88 verbose request uri https://registry.npmjs.org/nan
89 verbose request no auth needed
90 info attempt registry request try #1 at 10:48:06 PM
91 http request GET https://registry.npmjs.org/nan
92 http 200 https://registry.npmjs.org/bindings
93 verbose headers { server: 'CouchDB/1.5.0 (Erlang OTP/R16B03)',
93 verbose headers   etag: '"33TX4J3DNTGF7K41ZUV6OA182"',
93 verbose headers   'content-type': 'application/json',
93 verbose headers   'content-encoding': 'gzip',
93 verbose headers   'cache-control': 'max-age=300',
93 verbose headers   'content-length': '3804',
93 verbose headers   'accept-ranges': 'bytes',
93 verbose headers   date: 'Thu, 16 Jun 2016 02:48:09 GMT',
93 verbose headers   via: '1.1 varnish',
93 verbose headers   age: '37',
93 verbose headers   connection: 'keep-alive',
93 verbose headers   'x-served-by': 'cache-dfw1841-DFW',
93 verbose headers   'x-cache': 'HIT',
93 verbose headers   'x-cache-hits': '1',
93 verbose headers   'x-timer': 'S1466045289.841324,VS0,VE0',
93 verbose headers   vary: 'Accept-Encoding' }
94 silly get cb [ 200,
94 silly get   { server: 'CouchDB/1.5.0 (Erlang OTP/R16B03)',
94 silly get     etag: '"33TX4J3DNTGF7K41ZUV6OA182"',
94 silly get     'content-type': 'application/json',
94 silly get     'content-encoding': 'gzip',
94 silly get     'cache-control': 'max-age=300',
94 silly get     'content-length': '3804',
94 silly get     'accept-ranges': 'bytes',
94 silly get     date: 'Thu, 16 Jun 2016 02:48:09 GMT',
94 silly get     via: '1.1 varnish',
94 silly get     age: '37',
94 silly get     connection: 'keep-alive',
94 silly get     'x-served-by': 'cache-dfw1841-DFW',
94 silly get     'x-cache': 'HIT',
94 silly get     'x-cache-hits': '1',
94 silly get     'x-timer': 'S1466045289.841324,VS0,VE0',
94 silly get     vary: 'Accept-Encoding' } ]
95 verbose get saving bindings to C:\Users\The Gun\AppData\Roaming\npm-cache\registry.npmjs.org\bindings\.cache.json
96 verbose correctMkdir C:\Users\The Gun\AppData\Roaming\npm-cache correctMkdir not in flight; initializing
97 http 200 https://registry.npmjs.org/nan
98 verbose headers { server: 'CouchDB/1.5.0 (Erlang OTP/R16B03)',
98 verbose headers   etag: '"12RFHNMU7CS3WJ1892HQLM0NB"',
98 verbose headers   'content-type': 'application/json',
98 verbose headers   'content-encoding': 'gzip',
98 verbose headers   'cache-control': 'max-age=300',
98 verbose headers   'content-length': '16977',
98 verbose headers   'accept-ranges': 'bytes',
98 verbose headers   date: 'Thu, 16 Jun 2016 02:48:10 GMT',
98 verbose headers   via: '1.1 varnish',
98 verbose headers   age: '25',
98 verbose headers   connection: 'keep-alive',
98 verbose headers   'x-served-by': 'cache-dfw1840-DFW',
98 verbose headers   'x-cache': 'HIT',
98 verbose headers   'x-cache-hits': '1',
98 verbose headers   'x-timer': 'S1466045290.276391,VS0,VE0',
98 verbose headers   vary: 'Accept-Encoding' }
99 silly get cb [ 200,
99 silly get   { server: 'CouchDB/1.5.0 (Erlang OTP/R16B03)',
99 silly get     etag: '"12RFHNMU7CS3WJ1892HQLM0NB"',
99 silly get     'content-type': 'application/json',
99 silly get     'content-encoding': 'gzip',
99 silly get     'cache-control': 'max-age=300',
99 silly get     'content-length': '16977',
99 silly get     'accept-ranges': 'bytes',
99 silly get     date: 'Thu, 16 Jun 2016 02:48:10 GMT',
99 silly get     via: '1.1 varnish',
99 silly get     age: '25',
99 silly get     connection: 'keep-alive',
99 silly get     'x-served-by': 'cache-dfw1840-DFW',
99 silly get     'x-cache': 'HIT',
99 silly get     'x-cache-hits': '1',
99 silly get     'x-timer': 'S1466045290.276391,VS0,VE0',
99 silly get     vary: 'Accept-Encoding' } ]
100 verbose get saving nan to C:\Users\The Gun\AppData\Roaming\npm-cache\registry.npmjs.org\nan\.cache.json
101 verbose correctMkdir C:\Users\The Gun\AppData\Roaming\npm-cache correctMkdir not in flight; initializing
102 silly resolveWithNewModule bindings@1.2.1 checking installable status
103 silly cache add args [ 'bindings@1.2.1', null ]
104 verbose cache add spec bindings@1.2.1
105 silly cache add parsed spec Result {
105 silly cache add   raw: 'bindings@1.2.1',
105 silly cache add   scope: null,
105 silly cache add   name: 'bindings',
105 silly cache add   rawSpec: '1.2.1',
105 silly cache add   spec: '1.2.1',
105 silly cache add   type: 'version' }
106 silly addNamed bindings@1.2.1
107 verbose addNamed "1.2.1" is a plain semver version for bindings
108 silly mapToRegistry name bindings
109 silly mapToRegistry using default registry
110 silly mapToRegistry registry https://registry.npmjs.org/
111 silly mapToRegistry data Result {
111 silly mapToRegistry   raw: 'bindings',
111 silly mapToRegistry   scope: null,
111 silly mapToRegistry   name: 'bindings',
111 silly mapToRegistry   rawSpec: '',
111 silly mapToRegistry   spec: 'latest',
111 silly mapToRegistry   type: 'tag' }
112 silly mapToRegistry uri https://registry.npmjs.org/bindings
113 verbose addNameVersion registry:https://registry.npmjs.org/bindings not in flight; fetching
114 verbose get https://registry.npmjs.org/bindings not expired, no request
115 silly mapToRegistry name bindings
116 silly mapToRegistry using default registry
117 silly mapToRegistry registry https://registry.npmjs.org/
118 silly mapToRegistry data Result {
118 silly mapToRegistry   raw: 'bindings',
118 silly mapToRegistry   scope: null,
118 silly mapToRegistry   name: 'bindings',
118 silly mapToRegistry   rawSpec: '',
118 silly mapToRegistry   spec: 'latest',
118 silly mapToRegistry   type: 'tag' }
119 silly mapToRegistry uri https://registry.npmjs.org/bindings
120 verbose addRemoteTarball https://registry.npmjs.org/bindings/-/bindings-1.2.1.tgz not in flight; adding
121 verbose addRemoteTarball [ 'https://registry.npmjs.org/bindings/-/bindings-1.2.1.tgz',
121 verbose addRemoteTarball   '14ad6113812d2d37d72e67b4cacb4bb726505f11' ]
122 silly resolveWithNewModule nan@2.3.5 checking installable status
123 silly cache add args [ 'nan@2.3.5', null ]
124 verbose cache add spec nan@2.3.5
125 silly cache add parsed spec Result {
125 silly cache add   raw: 'nan@2.3.5',
125 silly cache add   scope: null,
125 silly cache add   name: 'nan',
125 silly cache add   rawSpec: '2.3.5',
125 silly cache add   spec: '2.3.5',
125 silly cache add   type: 'version' }
126 silly addNamed nan@2.3.5
127 verbose addNamed "2.3.5" is a plain semver version for nan
128 silly mapToRegistry name nan
129 silly mapToRegistry using default registry
130 silly mapToRegistry registry https://registry.npmjs.org/
131 silly mapToRegistry data Result {
131 silly mapToRegistry   raw: 'nan',
131 silly mapToRegistry   scope: null,
131 silly mapToRegistry   name: 'nan',
131 silly mapToRegistry   rawSpec: '',
131 silly mapToRegistry   spec: 'latest',
131 silly mapToRegistry   type: 'tag' }
132 silly mapToRegistry uri https://registry.npmjs.org/nan
133 verbose addNameVersion registry:https://registry.npmjs.org/nan not in flight; fetching
134 info retry fetch attempt 1 at 10:48:08 PM
135 info attempt registry request try #1 at 10:48:08 PM
136 http fetch GET https://registry.npmjs.org/bindings/-/bindings-1.2.1.tgz
137 verbose get https://registry.npmjs.org/nan not expired, no request
138 http fetch 200 https://registry.npmjs.org/bindings/-/bindings-1.2.1.tgz
139 silly mapToRegistry name nan
140 silly mapToRegistry using default registry
141 silly mapToRegistry registry https://registry.npmjs.org/
142 silly mapToRegistry data Result {
142 silly mapToRegistry   raw: 'nan',
142 silly mapToRegistry   scope: null,
142 silly mapToRegistry   name: 'nan',
142 silly mapToRegistry   rawSpec: '',
142 silly mapToRegistry   spec: 'latest',
142 silly mapToRegistry   type: 'tag' }
143 silly mapToRegistry uri https://registry.npmjs.org/nan
144 verbose addRemoteTarball https://registry.npmjs.org/nan/-/nan-2.3.5.tgz not in flight; adding
145 verbose addRemoteTarball [ 'https://registry.npmjs.org/nan/-/nan-2.3.5.tgz',
145 verbose addRemoteTarball   '822a0dc266290ce4cd3a12282ca3e7e364668a08' ]
146 info retry fetch attempt 1 at 10:48:08 PM
147 info attempt registry request try #1 at 10:48:08 PM
148 http fetch GET https://registry.npmjs.org/nan/-/nan-2.3.5.tgz
149 http fetch 200 https://registry.npmjs.org/nan/-/nan-2.3.5.tgz
150 silly fetchAndShaCheck shasum 14ad6113812d2d37d72e67b4cacb4bb726505f11
151 verbose addTmpTarball C:\Users\THEGUN~1\AppData\Local\Temp\npm-6724-866c9059\registry.npmjs.org\bindings\-\bindings-1.2.1.tgz not in flight; adding
152 verbose addTmpTarball already have metadata; skipping unpack for bindings@1.2.1
153 verbose correctMkdir C:\Users\The Gun\AppData\Roaming\npm-cache correctMkdir not in flight; initializing
154 silly fetchAndShaCheck shasum 822a0dc266290ce4cd3a12282ca3e7e364668a08
155 verbose addTmpTarball C:\Users\THEGUN~1\AppData\Local\Temp\npm-6724-866c9059\registry.npmjs.org\nan\-\nan-2.3.5.tgz not in flight; adding
156 verbose addTmpTarball already have metadata; skipping unpack for nan@2.3.5
157 verbose correctMkdir C:\Users\The Gun\AppData\Roaming\npm-cache correctMkdir not in flight; initializing
158 silly cache afterAdd bindings@1.2.1
159 verbose afterAdd C:\Users\The Gun\AppData\Roaming\npm-cache\bindings\1.2.1\package\package.json not in flight; writing
160 verbose correctMkdir C:\Users\The Gun\AppData\Roaming\npm-cache correctMkdir not in flight; initializing
161 verbose afterAdd C:\Users\The Gun\AppData\Roaming\npm-cache\bindings\1.2.1\package\package.json written
162 silly cache afterAdd nan@2.3.5
163 verbose afterAdd C:\Users\The Gun\AppData\Roaming\npm-cache\nan\2.3.5\package\package.json not in flight; writing
164 verbose correctMkdir C:\Users\The Gun\AppData\Roaming\npm-cache correctMkdir not in flight; initializing
165 verbose afterAdd C:\Users\The Gun\AppData\Roaming\npm-cache\nan\2.3.5\package\package.json written
166 silly loadAllDepsIntoIdealTree Finishing
167 silly idealTree:prePrune stage_4_video_3
167 silly idealTree:prePrune +-- bcrypt@0.8.7
167 silly idealTree:prePrune +-- bindings@1.2.1
167 silly idealTree:prePrune `-- nan@2.3.5
168 silly loadIdealTree Finishing
169 silly currentTree stage_4_video_3
170 silly idealTree stage_4_video_3
170 silly idealTree +-- bcrypt@0.8.7
170 silly idealTree +-- bindings@1.2.1
170 silly idealTree `-- nan@2.3.5
171 silly generateActionsToTake Starting
172 silly install generateActionsToTake
173 silly generateActionsToTake Finishing
174 silly diffTrees action count 3
175 silly diffTrees add bindings@1.2.1
176 silly diffTrees add nan@2.3.5
177 silly diffTrees add bcrypt@0.8.7
178 silly decomposeActions action count 24
179 silly decomposeActions fetch bindings@1.2.1
180 silly decomposeActions extract bindings@1.2.1
181 silly decomposeActions test bindings@1.2.1
182 silly decomposeActions preinstall bindings@1.2.1
183 silly decomposeActions build bindings@1.2.1
184 silly decomposeActions install bindings@1.2.1
185 silly decomposeActions postinstall bindings@1.2.1
186 silly decomposeActions finalize bindings@1.2.1
187 silly decomposeActions fetch nan@2.3.5
188 silly decomposeActions extract nan@2.3.5
189 silly decomposeActions test nan@2.3.5
190 silly decomposeActions preinstall nan@2.3.5
191 silly decomposeActions build nan@2.3.5
192 silly decomposeActions install nan@2.3.5
193 silly decomposeActions postinstall nan@2.3.5
194 silly decomposeActions finalize nan@2.3.5
195 silly decomposeActions fetch bcrypt@0.8.7
196 silly decomposeActions extract bcrypt@0.8.7
197 silly decomposeActions test bcrypt@0.8.7
198 silly decomposeActions preinstall bcrypt@0.8.7
199 silly decomposeActions build bcrypt@0.8.7
200 silly decomposeActions install bcrypt@0.8.7
201 silly decomposeActions postinstall bcrypt@0.8.7
202 silly decomposeActions finalize bcrypt@0.8.7
203 silly executeActions Starting
204 silly install executeActions
205 silly doSerial global-install 0
206 silly doParallel fetch 3
207 verbose correctMkdir C:\Users\The Gun\AppData\Roaming\npm-cache\_locks correctMkdir not in flight; initializing
208 verbose lock using C:\Users\The Gun\AppData\Roaming\npm-cache\_locks\staging-cc39c36decca0708.lock for C:\Users\The Gun\Desktop\PROJECTS\Treehouse\Build a Simple Dynamic Site with Node.JS\stage_4_video_3\node_modules\.staging
209 silly doParallel extract 3
210 silly extract bindings@1.2.1
211 silly extract nan@2.3.5
212 silly extract bcrypt@0.8.7
213 verbose unbuild node_modules\.staging\bindings-b81427ea
214 verbose unbuild node_modules\.staging\nan-02010971
215 verbose unbuild node_modules\.staging\bcrypt-cf99a86a
216 silly gentlyRm C:\Users\The Gun\Desktop\PROJECTS\Treehouse\Build a Simple Dynamic Site with Node.JS\stage_4_video_3\node_modules\.staging\bindings-b81427ea is being purged from base C:\Users\The Gun\Desktop\PROJECTS\Treehouse\Build a Simple Dynamic Site with Node.JS\stage_4_video_3
217 verbose gentlyRm don't care about contents; nuking C:\Users\The Gun\Desktop\PROJECTS\Treehouse\Build a Simple Dynamic Site with Node.JS\stage_4_video_3\node_modules\.staging\bindings-b81427ea
218 silly gentlyRm C:\Users\The Gun\Desktop\PROJECTS\Treehouse\Build a Simple Dynamic Site with Node.JS\stage_4_video_3\node_modules\.staging\nan-02010971 is being purged from base C:\Users\The Gun\Desktop\PROJECTS\Treehouse\Build a Simple Dynamic Site with Node.JS\stage_4_video_3
219 verbose gentlyRm don't care about contents; nuking C:\Users\The Gun\Desktop\PROJECTS\Treehouse\Build a Simple Dynamic Site with Node.JS\stage_4_video_3\node_modules\.staging\nan-02010971
220 silly gentlyRm C:\Users\The Gun\Desktop\PROJECTS\Treehouse\Build a Simple Dynamic Site with Node.JS\stage_4_video_3\node_modules\.staging\bcrypt-cf99a86a is being purged from base C:\Users\The Gun\Desktop\PROJECTS\Treehouse\Build a Simple Dynamic Site with Node.JS\stage_4_video_3
221 verbose gentlyRm don't care about contents; nuking C:\Users\The Gun\Desktop\PROJECTS\Treehouse\Build a Simple Dynamic Site with Node.JS\stage_4_video_3\node_modules\.staging\bcrypt-cf99a86a
222 verbose tar unpack C:\Users\The Gun\AppData\Roaming\npm-cache\bindings\1.2.1\package.tgz
223 verbose tar unpacking to C:\Users\The Gun\Desktop\PROJECTS\Treehouse\Build a Simple Dynamic Site with Node.JS\stage_4_video_3\node_modules\.staging\bindings-b81427ea
224 silly gentlyRm C:\Users\The Gun\Desktop\PROJECTS\Treehouse\Build a Simple Dynamic Site with Node.JS\stage_4_video_3\node_modules\.staging\bindings-b81427ea is being purged
225 verbose gentlyRm don't care about contents; nuking C:\Users\The Gun\Desktop\PROJECTS\Treehouse\Build a Simple Dynamic Site with Node.JS\stage_4_video_3\node_modules\.staging\bindings-b81427ea
226 verbose tar unpack C:\Users\The Gun\AppData\Roaming\npm-cache\nan\2.3.5\package.tgz
227 verbose tar unpacking to C:\Users\The Gun\Desktop\PROJECTS\Treehouse\Build a Simple Dynamic Site with Node.JS\stage_4_video_3\node_modules\.staging\nan-02010971
228 silly gentlyRm C:\Users\The Gun\Desktop\PROJECTS\Treehouse\Build a Simple Dynamic Site with Node.JS\stage_4_video_3\node_modules\.staging\nan-02010971 is being purged
229 verbose gentlyRm don't care about contents; nuking C:\Users\The Gun\Desktop\PROJECTS\Treehouse\Build a Simple Dynamic Site with Node.JS\stage_4_video_3\node_modules\.staging\nan-02010971
230 verbose tar unpack C:\Users\The Gun\AppData\Roaming\npm-cache\bcrypt\0.8.7\package.tgz
231 verbose tar unpacking to C:\Users\The Gun\Desktop\PROJECTS\Treehouse\Build a Simple Dynamic Site with Node.JS\stage_4_video_3\node_modules\.staging\bcrypt-cf99a86a
232 silly gentlyRm C:\Users\The Gun\Desktop\PROJECTS\Treehouse\Build a Simple Dynamic Site with Node.JS\stage_4_video_3\node_modules\.staging\bcrypt-cf99a86a is being purged
233 verbose gentlyRm don't care about contents; nuking C:\Users\The Gun\Desktop\PROJECTS\Treehouse\Build a Simple Dynamic Site with Node.JS\stage_4_video_3\node_modules\.staging\bcrypt-cf99a86a
234 silly gunzTarPerm modes [ '777', '666' ]
235 silly gunzTarPerm modes [ '777', '666' ]
236 silly gunzTarPerm modes [ '777', '666' ]
237 silly gunzTarPerm extractEntry package.json
238 silly gunzTarPerm modified mode [ 'package.json', 420, 438 ]
239 silly gunzTarPerm extractEntry package.json
240 silly gunzTarPerm modified mode [ 'package.json', 436, 438 ]
241 silly gunzTarPerm extractEntry package.json
242 silly gunzTarPerm modified mode [ 'package.json', 420, 438 ]
243 silly gunzTarPerm extractEntry README.md
244 silly gunzTarPerm modified mode [ 'README.md', 420, 438 ]
245 silly gunzTarPerm extractEntry bindings.js
246 silly gunzTarPerm modified mode [ 'bindings.js', 420, 438 ]
247 silly gunzTarPerm extractEntry README.md
248 silly gunzTarPerm modified mode [ 'README.md', 436, 438 ]
249 silly gunzTarPerm extractEntry .npmignore
250 silly gunzTarPerm modified mode [ '.npmignore', 420, 438 ]
251 silly gunzTarPerm extractEntry README.md
252 silly gunzTarPerm modified mode [ 'README.md', 420, 438 ]
253 silly gunzTarPerm extractEntry include_dirs.js
254 silly gunzTarPerm modified mode [ 'include_dirs.js', 436, 438 ]
255 silly gunzTarPerm extractEntry LICENSE
256 silly gunzTarPerm modified mode [ 'LICENSE', 420, 438 ]
257 silly gunzTarPerm extractEntry bcrypt.js
258 silly gunzTarPerm modified mode [ 'bcrypt.js', 420, 438 ]
259 silly gunzTarPerm extractEntry Makefile
260 silly gunzTarPerm modified mode [ 'Makefile', 420, 438 ]
261 silly gunzTarPerm extractEntry .travis.yml
262 silly gunzTarPerm modified mode [ '.travis.yml', 420, 438 ]
263 silly gunzTarPerm extractEntry CHANGELOG.md
264 silly gunzTarPerm modified mode [ 'CHANGELOG.md', 420, 438 ]
265 silly gunzTarPerm extractEntry binding.gyp
266 silly gunzTarPerm modified mode [ 'binding.gyp', 420, 438 ]
267 silly gunzTarPerm extractEntry examples/async_compare.js
268 silly gunzTarPerm modified mode [ 'examples/async_compare.js', 420, 438 ]
269 silly gunzTarPerm extractEntry examples/forever_gen_salt.js
270 silly gunzTarPerm modified mode [ 'examples/forever_gen_salt.js', 420, 438 ]
271 silly gunzTarPerm extractEntry test/async.js
272 silly gunzTarPerm modified mode [ 'test/async.js', 420, 438 ]
273 silly gunzTarPerm extractEntry test/repetitions.js
274 silly gunzTarPerm modified mode [ 'test/repetitions.js', 420, 438 ]
275 silly gunzTarPerm extractEntry test/sync.js
276 silly gunzTarPerm modified mode [ 'test/sync.js', 420, 438 ]
277 silly gunzTarPerm extractEntry ISSUE_TEMPLATE.md
278 silly gunzTarPerm modified mode [ 'ISSUE_TEMPLATE.md', 420, 438 ]
279 silly gunzTarPerm extractEntry src/bcrypt.cc
280 silly gunzTarPerm modified mode [ 'src/bcrypt.cc', 420, 438 ]
281 silly gunzTarPerm extractEntry src/bcrypt_node.cc
282 silly gunzTarPerm modified mode [ 'src/bcrypt_node.cc', 420, 438 ]
283 silly gunzTarPerm extractEntry src/blowfish.cc
284 silly gunzTarPerm modified mode [ 'src/blowfish.cc', 420, 438 ]
285 silly gunzTarPerm extractEntry src/node_blf.h
286 silly gunzTarPerm modified mode [ 'src/node_blf.h', 420, 438 ]
287 silly gunzTarPerm extractEntry werker.yml
288 silly gunzTarPerm modified mode [ 'werker.yml', 420, 438 ]
289 silly gunzTarPerm extractEntry nan_converters.h
290 silly gunzTarPerm modified mode [ 'nan_converters.h', 436, 438 ]
291 silly gunzTarPerm extractEntry LICENSE.md
292 silly gunzTarPerm modified mode [ 'LICENSE.md', 436, 438 ]
293 silly gunzTarPerm extractEntry doc/node_misc.md
294 silly gunzTarPerm modified mode [ 'doc/node_misc.md', 436, 438 ]
295 silly gunzTarPerm extractEntry doc/asyncworker.md
296 silly gunzTarPerm modified mode [ 'doc/asyncworker.md', 436, 438 ]
297 silly gunzTarPerm extractEntry doc/callback.md
298 silly gunzTarPerm modified mode [ 'doc/callback.md', 436, 438 ]
299 silly gunzTarPerm extractEntry doc/converters.md
300 silly gunzTarPerm modified mode [ 'doc/converters.md', 436, 438 ]
301 silly gunzTarPerm extractEntry doc/errors.md
302 silly gunzTarPerm modified mode [ 'doc/errors.md', 436, 438 ]
303 silly gunzTarPerm extractEntry doc/maybe_types.md
304 silly gunzTarPerm modified mode [ 'doc/maybe_types.md', 436, 438 ]
305 silly gunzTarPerm extractEntry doc/methods.md
306 silly gunzTarPerm modified mode [ 'doc/methods.md', 436, 438 ]
307 silly gunzTarPerm extractEntry doc/new.md
308 silly gunzTarPerm modified mode [ 'doc/new.md', 436, 438 ]
309 silly gentlyRm C:\Users\The Gun\Desktop\PROJECTS\Treehouse\Build a Simple Dynamic Site with Node.JS\stage_4_video_3\node_modules\.staging\bindings-b81427ea\node_modules is being purged
310 verbose gentlyRm don't care about contents; nuking C:\Users\The Gun\Desktop\PROJECTS\Treehouse\Build a Simple Dynamic Site with Node.JS\stage_4_video_3\node_modules\.staging\bindings-b81427ea\node_modules
311 silly gunzTarPerm extractEntry doc/buffers.md
312 silly gunzTarPerm modified mode [ 'doc/buffers.md', 436, 438 ]
313 silly gunzTarPerm extractEntry doc/object_wrappers.md
314 silly gunzTarPerm modified mode [ 'doc/object_wrappers.md', 436, 438 ]
315 silly gunzTarPerm extractEntry doc/persistent.md
316 silly gunzTarPerm modified mode [ 'doc/persistent.md', 436, 438 ]
317 silly gunzTarPerm extractEntry doc/scopes.md
318 silly gunzTarPerm modified mode [ 'doc/scopes.md', 436, 438 ]
319 silly gunzTarPerm extractEntry doc/script.md
320 silly gunzTarPerm modified mode [ 'doc/script.md', 436, 438 ]
321 silly gunzTarPerm extractEntry doc/string_bytes.md
322 silly gunzTarPerm modified mode [ 'doc/string_bytes.md', 436, 438 ]
323 silly gunzTarPerm extractEntry doc/v8_internals.md
324 silly gunzTarPerm modified mode [ 'doc/v8_internals.md', 436, 438 ]
325 silly gunzTarPerm extractEntry doc/v8_misc.md
326 silly gunzTarPerm modified mode [ 'doc/v8_misc.md', 436, 438 ]
327 silly gunzTarPerm extractEntry nan.h
328 silly gunzTarPerm modified mode [ 'nan.h', 436, 438 ]
329 silly gunzTarPerm extractEntry nan_callbacks.h
330 silly gunzTarPerm modified mode [ 'nan_callbacks.h', 436, 438 ]
331 silly gunzTarPerm extractEntry nan_callbacks_12_inl.h
332 silly gunzTarPerm modified mode [ 'nan_callbacks_12_inl.h', 436, 438 ]
333 silly gunzTarPerm extractEntry nan_callbacks_pre_12_inl.h
334 silly gunzTarPerm modified mode [ 'nan_callbacks_pre_12_inl.h', 436, 438 ]
335 silly gunzTarPerm extractEntry nan_converters_43_inl.h
336 silly gunzTarPerm modified mode [ 'nan_converters_43_inl.h', 436, 438 ]
337 silly gunzTarPerm extractEntry nan_converters_pre_43_inl.h
338 silly gunzTarPerm modified mode [ 'nan_converters_pre_43_inl.h', 436, 438 ]
339 silly gunzTarPerm extractEntry nan_implementation_12_inl.h
340 silly gunzTarPerm modified mode [ 'nan_implementation_12_inl.h', 436, 438 ]
341 silly gunzTarPerm extractEntry nan_implementation_pre_12_inl.h
342 silly gunzTarPerm modified mode [ 'nan_implementation_pre_12_inl.h', 436, 438 ]
343 silly gunzTarPerm extractEntry nan_maybe_43_inl.h
344 silly gunzTarPerm modified mode [ 'nan_maybe_43_inl.h', 436, 438 ]
345 silly gunzTarPerm extractEntry nan_maybe_pre_43_inl.h
346 silly gunzTarPerm modified mode [ 'nan_maybe_pre_43_inl.h', 436, 438 ]
347 silly gunzTarPerm extractEntry nan_new.h
348 silly gunzTarPerm modified mode [ 'nan_new.h', 436, 438 ]
349 silly gunzTarPerm extractEntry nan_object_wrap.h
350 silly gunzTarPerm modified mode [ 'nan_object_wrap.h', 436, 438 ]
351 silly gunzTarPerm extractEntry nan_persistent_12_inl.h
352 silly gunzTarPerm modified mode [ 'nan_persistent_12_inl.h', 436, 438 ]
353 silly gunzTarPerm extractEntry nan_persistent_pre_12_inl.h
354 silly gunzTarPerm modified mode [ 'nan_persistent_pre_12_inl.h', 436, 438 ]
355 silly gunzTarPerm extractEntry nan_string_bytes.h
356 silly gunzTarPerm modified mode [ 'nan_string_bytes.h', 436, 438 ]
357 silly gunzTarPerm extractEntry nan_typedarray_contents.h
358 silly gunzTarPerm modified mode [ 'nan_typedarray_contents.h', 436, 438 ]
359 silly gunzTarPerm extractEntry nan_weak.h
360 silly gunzTarPerm modified mode [ 'nan_weak.h', 436, 438 ]
361 silly gunzTarPerm extractEntry CHANGELOG.md
362 silly gunzTarPerm modified mode [ 'CHANGELOG.md', 436, 438 ]
363 silly gunzTarPerm extractEntry tools/package.json
364 silly gunzTarPerm modified mode [ 'tools/package.json', 436, 438 ]
365 silly gunzTarPerm extractEntry tools/README.md
366 silly gunzTarPerm modified mode [ 'tools/README.md', 436, 438 ]
367 silly gunzTarPerm extractEntry tools/1to2.js
368 silly gunzTarPerm modified mode [ 'tools/1to2.js', 509, 511 ]
369 silly gentlyRm C:\Users\The Gun\Desktop\PROJECTS\Treehouse\Build a Simple Dynamic Site with Node.JS\stage_4_video_3\node_modules\.staging\bcrypt-cf99a86a\node_modules is being purged
370 verbose gentlyRm don't care about contents; nuking C:\Users\The Gun\Desktop\PROJECTS\Treehouse\Build a Simple Dynamic Site with Node.JS\stage_4_video_3\node_modules\.staging\bcrypt-cf99a86a\node_modules
371 silly gentlyRm C:\Users\The Gun\Desktop\PROJECTS\Treehouse\Build a Simple Dynamic Site with Node.JS\stage_4_video_3\node_modules\.staging\nan-02010971\node_modules is being purged
372 verbose gentlyRm don't care about contents; nuking C:\Users\The Gun\Desktop\PROJECTS\Treehouse\Build a Simple Dynamic Site with Node.JS\stage_4_video_3\node_modules\.staging\nan-02010971\node_modules
373 silly doParallel preinstall 3
374 silly preinstall bindings@1.2.1 C:\Users\The Gun\Desktop\PROJECTS\Treehouse\Build a Simple Dynamic Site with Node.JS\stage_4_video_3\node_modules\.staging\bindings-b81427ea
375 info lifecycle bindings@1.2.1~preinstall: bindings@1.2.1
376 silly preinstall nan@2.3.5 C:\Users\The Gun\Desktop\PROJECTS\Treehouse\Build a Simple Dynamic Site with Node.JS\stage_4_video_3\node_modules\.staging\nan-02010971
377 info lifecycle nan@2.3.5~preinstall: nan@2.3.5
378 silly preinstall bcrypt@0.8.7 C:\Users\The Gun\Desktop\PROJECTS\Treehouse\Build a Simple Dynamic Site with Node.JS\stage_4_video_3\node_modules\.staging\bcrypt-cf99a86a
379 info lifecycle bcrypt@0.8.7~preinstall: bcrypt@0.8.7
380 silly lifecycle bindings@1.2.1~preinstall: no script for preinstall, continuing
381 silly lifecycle nan@2.3.5~preinstall: no script for preinstall, continuing
382 silly lifecycle bcrypt@0.8.7~preinstall: no script for preinstall, continuing
383 silly doReverseSerial remove 0
384 silly doSerial move 0
385 silly doSerial finalize 3
386 silly finalize C:\Users\The Gun\Desktop\PROJECTS\Treehouse\Build a Simple Dynamic Site with Node.JS\stage_4_video_3\node_modules\bindings
387 silly finalize C:\Users\The Gun\Desktop\PROJECTS\Treehouse\Build a Simple Dynamic Site with Node.JS\stage_4_video_3\node_modules\nan
388 silly finalize C:\Users\The Gun\Desktop\PROJECTS\Treehouse\Build a Simple Dynamic Site with Node.JS\stage_4_video_3\node_modules\bcrypt
389 silly doSerial build 3
390 silly build bindings@1.2.1
391 info linkStuff bindings@1.2.1
392 silly linkStuff bindings@1.2.1 has C:\Users\The Gun\Desktop\PROJECTS\Treehouse\Build a Simple Dynamic Site with Node.JS\stage_4_video_3\node_modules as its parent node_modules
393 verbose linkBins bindings@1.2.1
394 verbose linkMans bindings@1.2.1
395 silly build nan@2.3.5
396 info linkStuff nan@2.3.5
397 silly linkStuff nan@2.3.5 has C:\Users\The Gun\Desktop\PROJECTS\Treehouse\Build a Simple Dynamic Site with Node.JS\stage_4_video_3\node_modules as its parent node_modules
398 verbose linkBins nan@2.3.5
399 verbose linkMans nan@2.3.5
400 silly build bcrypt@0.8.7
401 info linkStuff bcrypt@0.8.7
402 silly linkStuff bcrypt@0.8.7 has C:\Users\The Gun\Desktop\PROJECTS\Treehouse\Build a Simple Dynamic Site with Node.JS\stage_4_video_3\node_modules as its parent node_modules
403 verbose linkBins bcrypt@0.8.7
404 verbose linkMans bcrypt@0.8.7
405 silly doSerial global-link 0
406 silly doParallel update-linked 0
407 silly doSerial install 3
408 silly install bindings@1.2.1 C:\Users\The Gun\Desktop\PROJECTS\Treehouse\Build a Simple Dynamic Site with Node.JS\stage_4_video_3\node_modules\.staging\bindings-b81427ea
409 info lifecycle bindings@1.2.1~install: bindings@1.2.1
410 silly lifecycle bindings@1.2.1~install: no script for install, continuing
411 silly install nan@2.3.5 C:\Users\The Gun\Desktop\PROJECTS\Treehouse\Build a Simple Dynamic Site with Node.JS\stage_4_video_3\node_modules\.staging\nan-02010971
412 info lifecycle nan@2.3.5~install: nan@2.3.5
413 silly lifecycle nan@2.3.5~install: no script for install, continuing
414 silly install bcrypt@0.8.7 C:\Users\The Gun\Desktop\PROJECTS\Treehouse\Build a Simple Dynamic Site with Node.JS\stage_4_video_3\node_modules\.staging\bcrypt-cf99a86a
415 info lifecycle bcrypt@0.8.7~install: bcrypt@0.8.7
416 verbose lifecycle bcrypt@0.8.7~install: unsafe-perm in lifecycle true
417 verbose lifecycle bcrypt@0.8.7~install: PATH: C:\Users\The Gun\AppData\Roaming\npm\node_modules\npm\bin\node-gyp-bin;C:\Users\The Gun\Desktop\PROJECTS\Treehouse\Build a Simple Dynamic Site with Node.JS\stage_4_video_3\node_modules\bcrypt\node_modules\.bin;C:\Users\The Gun\Desktop\PROJECTS\Treehouse\Build a Simple Dynamic Site with Node.JS\stage_4_video_3\node_modules\.bin;C:\Program Files\nodejs;C:\Users\The Gun\bin;C:\Program Files\Git\mingw64\bin;C:\Program Files\Git\usr\local\bin;C:\Program Files\Git\usr\bin;C:\Program Files\Git\usr\bin;C:\Program Files\Git\mingw64\bin;C:\Program Files\Git\usr\bin;C:\Users\The Gun\bin;C:\WINDOWS\system32;C:\WINDOWS;C:\WINDOWS\System32\Wbem;C:\WINDOWS\System32\WindowsPowerShell\v1.0;C:\Program Files (x86)\ATI Technologies\ATI.ACE\Core-Static;C:\Program Files\Git\cmd;C:\Program Files\nodejs;C:\Users\The Gun\AppData\Roaming\npm;C:\Program Files\Git\usr\bin\vendor_perl;C:\Program Files\Git\usr\bin\core_perl
418 verbose lifecycle bcrypt@0.8.7~install: CWD: C:\Users\The Gun\Desktop\PROJECTS\Treehouse\Build a Simple Dynamic Site with Node.JS\stage_4_video_3\node_modules\bcrypt
419 silly lifecycle bcrypt@0.8.7~install: Args: [ '/d /s /c', 'node-gyp rebuild' ]
420 silly lifecycle bcrypt@0.8.7~install: Returned: code: 1  signal: null
421 info lifecycle bcrypt@0.8.7~install: Failed to exec install script
422 verbose unlock done using C:\Users\The Gun\AppData\Roaming\npm-cache\_locks\staging-cc39c36decca0708.lock for C:\Users\The Gun\Desktop\PROJECTS\Treehouse\Build a Simple Dynamic Site with Node.JS\stage_4_video_3\node_modules\.staging
423 silly rollbackFailedOptional Starting
424 silly rollbackFailedOptional Finishing
425 silly runTopLevelLifecycles Starting
426 silly runTopLevelLifecycles Finishing
427 silly install printInstalled
428 warn enoent ENOENT: no such file or directory, open 'C:\Users\The Gun\Desktop\PROJECTS\Treehouse\Build a Simple Dynamic Site with Node.JS\stage_4_video_3\package.json'
429 warn stage_4_video_3 No description
430 warn stage_4_video_3 No repository field.
431 warn stage_4_video_3 No README data
432 warn stage_4_video_3 No license field.
433 verbose stack Error: bcrypt@0.8.7 install: `node-gyp rebuild`
433 verbose stack Exit status 1
433 verbose stack     at EventEmitter.<anonymous> (C:\Users\The Gun\AppData\Roaming\npm\node_modules\npm\lib\utils\lifecycle.js:245:16)
433 verbose stack     at emitTwo (events.js:87:13)
433 verbose stack     at EventEmitter.emit (events.js:172:7)
433 verbose stack     at ChildProcess.<anonymous> (C:\Users\The Gun\AppData\Roaming\npm\node_modules\npm\lib\utils\spawn.js:24:14)
433 verbose stack     at emitTwo (events.js:87:13)
433 verbose stack     at ChildProcess.emit (events.js:172:7)
433 verbose stack     at maybeClose (internal/child_process.js:827:16)
433 verbose stack     at Process.ChildProcess._handle.onexit (internal/child_process.js:211:5)
434 verbose pkgid bcrypt@0.8.7
435 verbose cwd C:\Users\The Gun\Desktop\PROJECTS\Treehouse\Build a Simple Dynamic Site with Node.JS\stage_4_video_3
436 error Windows_NT 10.0.10586
437 error argv "C:\\Program Files\\nodejs\\node.exe" "C:\\Users\\The Gun\\AppData\\Roaming\\npm\\node_modules\\npm\\bin\\npm-cli.js" "install" "bcrypt"
438 error node v4.4.5
439 error npm  v3.9.5
440 error code ELIFECYCLE
441 error bcrypt@0.8.7 install: `node-gyp rebuild`
441 error Exit status 1
442 error Failed at the bcrypt@0.8.7 install script 'node-gyp rebuild'.
442 error Make sure you have the latest version of node.js and npm installed.
442 error If you do, this is most likely a problem with the bcrypt package,
442 error not with npm itself.
442 error Tell the author that this fails on your system:
442 error     node-gyp rebuild
442 error You can get information on how to open an issue for this project with:
442 error     npm bugs bcrypt
442 error Or if that isn't available, you can get their info via:
442 error     npm owner ls bcrypt
442 error There is likely additional logging output above.
443 verbose exit [ 1, true ]
